[dragonquest.neocities.org/index.html]
[backblue.gif]
[fade.gif]
[index.html]
[dragonquest.neocities.org/map.png]
[dragonquest.neocities.org/baramos_magic.gif]
[dragonquest.neocities.org/felicia-poke.gif]
[code.jquery.com/jquery-2.0.0.min.js]
[dragonquest.neocities.org/DarthMatango.gif]
[dragonquest.neocities.org/ultros.gif]
[dragonquest.neocities.org/goomba.gif]
[dragonquest.neocities.org/metal_slime.png]
[dragonquest.neocities.org/red_slime.png]
[dragonquest.neocities.org/master_barf.gif]
[dragonquest.neocities.org/slime.png]
[dragonquest.neocities.org/goldman.png]
[dragonquest.neocities.org/drakee.png]
[dragonquest.neocities.org/wizard.png]
[dragonquest.neocities.org/magic_drakee.png]
[dragonquest.neocities.org/magician.png]
[dragonquest.neocities.org/index.html]
[dragonquest.neocities.org/ff1map.png]
